[2026-06-01 11:18:01,167][__main__][INFO] - Loaded AE checkpoint from /home/arakawa26/workspace/B4Lecture-2026/ex5/y_arakawa/logs/mel_ae_optuna_for_comp/hidden32_hidden16_lr0.0041/ckpts/model_epoch_0039.pt
[2026-06-01 11:18:01,312][__main__][INFO] - Latent shape: (1, 128) -> MLP input_dim=128
[2026-06-01 11:18:02,482][__main__][INFO] - Train class counts: normal=404, anomaly=1438 -> pos_weight=0.2809
[2026-06-01 11:18:03,566][__main__][INFO] - Epoch 000 | train_loss 0.4327 | train_acc 0.5000 | val_loss 0.3061 | val_acc 0.7788 | val_auc 0.5670
[2026-06-01 11:18:03,574][__main__][INFO] - Saved best checkpoint (val_auc=0.5670) -> ckpts_classifier/classifier_best.pt
[2026-06-01 11:18:04,519][__main__][INFO] - Epoch 001 | train_loss 0.3150 | train_acc 0.5282 | val_loss 0.3040 | val_acc 0.7788 | val_auc 0.5731
[2026-06-01 11:18:04,524][__main__][INFO] - Saved best checkpoint (val_auc=0.5731) -> ckpts_classifier/classifier_best.pt
[2026-06-01 11:18:05,464][__main__][INFO] - Epoch 002 | train_loss 0.3078 | train_acc 0.5727 | val_loss 0.3053 | val_acc 0.2434 | val_auc 0.5925
[2026-06-01 11:18:05,469][__main__][INFO] - Saved best checkpoint (val_auc=0.5925) -> ckpts_classifier/classifier_best.pt
[2026-06-01 11:18:06,406][__main__][INFO] - Epoch 003 | train_loss 0.3083 | train_acc 0.4598 | val_loss 0.3018 | val_acc 0.5664 | val_auc 0.5791
[2026-06-01 11:18:07,341][__main__][INFO] - Epoch 004 | train_loss 0.3084 | train_acc 0.5244 | val_loss 0.3055 | val_acc 0.2212 | val_auc 0.5510
[2026-06-01 11:18:08,276][__main__][INFO] - Epoch 005 | train_loss 0.3057 | train_acc 0.5722 | val_loss 0.3039 | val_acc 0.7788 | val_auc 0.5753
[2026-06-01 11:18:09,217][__main__][INFO] - Epoch 006 | train_loss 0.3047 | train_acc 0.4636 | val_loss 0.3026 | val_acc 0.7788 | val_auc 0.6569
[2026-06-01 11:18:09,221][__main__][INFO] - Saved best checkpoint (val_auc=0.6569) -> ckpts_classifier/classifier_best.pt
[2026-06-01 11:18:10,155][__main__][INFO] - Epoch 007 | train_loss 0.3010 | train_acc 0.5689 | val_loss 0.3026 | val_acc 0.7611 | val_auc 0.6289
[2026-06-01 11:18:11,089][__main__][INFO] - Epoch 008 | train_loss 0.2812 | train_acc 0.7014 | val_loss 0.3039 | val_acc 0.7876 | val_auc 0.6913
[2026-06-01 11:18:11,093][__main__][INFO] - Saved best checkpoint (val_auc=0.6913) -> ckpts_classifier/classifier_best.pt
[2026-06-01 11:18:12,030][__main__][INFO] - Epoch 009 | train_loss 0.2653 | train_acc 0.7492 | val_loss 0.2660 | val_acc 0.7301 | val_auc 0.7270
[2026-06-01 11:18:12,035][__main__][INFO] - Saved best checkpoint (val_auc=0.7270) -> ckpts_classifier/classifier_best.pt
[2026-06-01 11:18:12,970][__main__][INFO] - Epoch 010 | train_loss 0.2416 | train_acc 0.7904 | val_loss 0.2622 | val_acc 0.8319 | val_auc 0.7472
[2026-06-01 11:18:12,975][__main__][INFO] - Saved best checkpoint (val_auc=0.7472) -> ckpts_classifier/classifier_best.pt
[2026-06-01 11:18:13,912][__main__][INFO] - Epoch 011 | train_loss 0.2239 | train_acc 0.7980 | val_loss 0.3100 | val_acc 0.8053 | val_auc 0.7218
[2026-06-01 11:18:14,842][__main__][INFO] - Epoch 012 | train_loss 0.2030 | train_acc 0.8382 | val_loss 0.2802 | val_acc 0.8097 | val_auc 0.7332
[2026-06-01 11:18:15,776][__main__][INFO] - Epoch 013 | train_loss 0.1748 | train_acc 0.8686 | val_loss 0.2439 | val_acc 0.7920 | val_auc 0.7815
[2026-06-01 11:18:15,780][__main__][INFO] - Saved best checkpoint (val_auc=0.7815) -> ckpts_classifier/classifier_best.pt
[2026-06-01 11:18:16,715][__main__][INFO] - Epoch 014 | train_loss 0.1577 | train_acc 0.8708 | val_loss 0.2477 | val_acc 0.7655 | val_auc 0.7949
[2026-06-01 11:18:16,720][__main__][INFO] - Saved best checkpoint (val_auc=0.7949) -> ckpts_classifier/classifier_best.pt
[2026-06-01 11:18:17,658][__main__][INFO] - Epoch 015 | train_loss 0.1603 | train_acc 0.8491 | val_loss 0.2058 | val_acc 0.8363 | val_auc 0.8710
[2026-06-01 11:18:17,663][__main__][INFO] - Saved best checkpoint (val_auc=0.8710) -> ckpts_classifier/classifier_best.pt
[2026-06-01 11:18:18,603][__main__][INFO] - Epoch 016 | train_loss 0.1416 | train_acc 0.8675 | val_loss 0.2010 | val_acc 0.7788 | val_auc 0.8782
[2026-06-01 11:18:18,608][__main__][INFO] - Saved best checkpoint (val_auc=0.8782) -> ckpts_classifier/classifier_best.pt
[2026-06-01 11:18:19,542][__main__][INFO] - Epoch 017 | train_loss 0.1198 | train_acc 0.8963 | val_loss 0.2610 | val_acc 0.8097 | val_auc 0.8410
[2026-06-01 11:18:20,476][__main__][INFO] - Epoch 018 | train_loss 0.0944 | train_acc 0.9017 | val_loss 0.2873 | val_acc 0.8451 | val_auc 0.8612
[2026-06-01 11:18:21,410][__main__][INFO] - Epoch 019 | train_loss 0.0694 | train_acc 0.9294 | val_loss 0.3984 | val_acc 0.8097 | val_auc 0.8476
[2026-06-01 11:18:22,346][__main__][INFO] - Epoch 020 | train_loss 0.0837 | train_acc 0.9169 | val_loss 0.2966 | val_acc 0.7611 | val_auc 0.8149
[2026-06-01 11:18:23,284][__main__][INFO] - Epoch 021 | train_loss 0.0993 | train_acc 0.9159 | val_loss 0.2968 | val_acc 0.7920 | val_auc 0.8261
[2026-06-01 11:18:24,218][__main__][INFO] - Epoch 022 | train_loss 0.0933 | train_acc 0.9077 | val_loss 0.3646 | val_acc 0.8053 | val_auc 0.7784
[2026-06-01 11:18:25,153][__main__][INFO] - Epoch 023 | train_loss 0.0444 | train_acc 0.9642 | val_loss 0.3103 | val_acc 0.7965 | val_auc 0.8767
[2026-06-01 11:18:26,086][__main__][INFO] - Epoch 024 | train_loss 0.0376 | train_acc 0.9598 | val_loss 0.4501 | val_acc 0.8142 | val_auc 0.8689
[2026-06-01 11:18:27,020][__main__][INFO] - Epoch 025 | train_loss 0.0285 | train_acc 0.9750 | val_loss 0.5316 | val_acc 0.8186 | val_auc 0.8340
[2026-06-01 11:18:27,960][__main__][INFO] - Epoch 026 | train_loss 0.0481 | train_acc 0.9593 | val_loss 0.3798 | val_acc 0.7832 | val_auc 0.8473
[2026-06-01 11:18:28,894][__main__][INFO] - Epoch 027 | train_loss 0.0906 | train_acc 0.9088 | val_loss 0.2546 | val_acc 0.7832 | val_auc 0.8419
[2026-06-01 11:18:29,827][__main__][INFO] - Epoch 028 | train_loss 0.0461 | train_acc 0.9696 | val_loss 0.4601 | val_acc 0.8097 | val_auc 0.8375
[2026-06-01 11:18:30,761][__main__][INFO] - Epoch 029 | train_loss 0.0200 | train_acc 0.9853 | val_loss 0.4178 | val_acc 0.7743 | val_auc 0.8592
